
> frontend-sgac@0.0.0 build
> ng build

[33mâ¯[39m Building...
[32mâœ”[39m Building...
Application bundle generation failed. [4.041 seconds] - 2026-02-25T02:49:27.444Z

[1m[31m[31mX [41;31m[[41;97mERROR[41;31m][0m [1mTS2305: Module '"../dto/postulacion"' has no exported member 'TipoRequisitoPostulacionResponseDTO'.[0m [1m[35m[plugin angular-compiler][0m

    src/app/core/services/postulante-service.ts:5:9:
[37m      5 â”‚ import { [32mTipoRequisitoPostulacionResponseDTO[37m, PostulacionResponseDT...
        â•µ          [32m~~~~~~~~~~~~~~~~~~~~~~~~~~~~~~~~~~~[0m


[31mX [41;31m[[41;97mERROR[41;31m][0m [1mTS2305: Module '"../dto/postulacion"' has no exported member 'PostulacionResponseDTO'.[0m [1m[35m[plugin angular-compiler][0m

    src/app/core/services/postulante-service.ts:5:46:
[37m      5 â”‚ ...tulacionResponseDTO, [32mPostulacionResponseDTO[37m } from '../dto/postu...
        â•µ                         [32m~~~~~~~~~~~~~~~~~~~~~~[0m


[31mX [41;31m[[41;97mERROR[41;31m][0m [1mTS2305: Module '"../dto/notificacion"' has no exported member 'NotificacionResponseDTO'.[0m [1m[35m[plugin angular-compiler][0m

    src/app/core/services/postulante-service.ts:7:9:
[37m      7 â”‚ import { [32mNotificacionResponseDTO[37m } from '../dto/notificacion';
        â•µ          [32m~~~~~~~~~~~~~~~~~~~~~~~[0m


[31mX [41;31m[[41;97mERROR[41;31m][0m [1mTS2339: Property 'obtenerCoordinadorPorUsuario' does not exist on type 'CoordinadorService'.[0m [1m[35m[plugin angular-compiler][0m

    src/app/features/coordinador/convocatorias-vista/convocatorias-vista.component.ts:45:36:
[37m      45 â”‚ ...oordinadorService.[32mobtenerCoordinadorPorUsuario[37m(user.idUsuario)....
         â•µ                      [32m~~~~~~~~~~~~~~~~~~~~~~~~~~~~[0m


[31mX [41;31m[[41;97mERROR[41;31m][0m [1mTS7006: Parameter 'coord' implicitly has an 'any' type.[0m [1m[35m[plugin angular-compiler][0m

    src/app/features/coordinador/convocatorias-vista/convocatorias-vista.component.ts:46:23:
[37m      46 â”‚                 next: ([32mcoord[37m) => {
         â•µ                        [32m~~~~~[0m


[31mX [41;31m[[41;97mERROR[41;31m][0m [1mTS2339: Property 'listarConvocatoriasPorCarrera' does not exist on type 'CoordinadorService'.[0m [1m[35m[plugin angular-compiler][0m

    src/app/features/coordinador/convocatorias-vista/convocatorias-vista.component.ts:48:48:
[37m      48 â”‚ ...ordinadorService.[32mlistarConvocatoriasPorCarrera[37m(coord.idCarrera)...
         â•µ                     [32m~~~~~~~~~~~~~~~~~~~~~~~~~~~~~[0m


[31mX [41;31m[[41;97mERROR[41;31m][0m [1mTS7006: Parameter 'lista' implicitly has an 'any' type.[0m [1m[35m[plugin angular-compiler][0m

    src/app/features/coordinador/convocatorias-vista/convocatorias-vista.component.ts:49:35:
[37m      49 â”‚                             next: ([32mlista[37m) => {
         â•µ                                    [32m~~~~~[0m


[31mX [41;31m[[41;97mERROR[41;31m][0m [1mTS2305: Module '"../../../core/dto/coordinador"' has no exported member 'CoordinadorResponseDTO'.[0m [1m[35m[plugin angular-compiler][0m

    src/app/features/coordinador/dashboard/dashboard.component.ts:8:9:
[37m      8 â”‚ import { [32mCoordinadorResponseDTO[37m } from '../../../core/dto/coordinad...
        â•µ          [32m~~~~~~~~~~~~~~~~~~~~~~[0m


[31mX [41;31m[[41;97mERROR[41;31m][0m [1mTS2339: Property 'obtenerCoordinadorPorUsuario' does not exist on type 'CoordinadorService'.[0m [1m[35m[plugin angular-compiler][0m

    src/app/features/coordinador/dashboard/dashboard.component.ts:47:30:
[37m      47 â”‚ ...oordinadorService.[32mobtenerCoordinadorPorUsuario[37m(user.idUsuario)....
         â•µ                      [32m~~~~~~~~~~~~~~~~~~~~~~~~~~~~[0m


[31mX [41;31m[[41;97mERROR[41;31m][0m [1mTS7006: Parameter 'coord' implicitly has an 'any' type.[0m [1m[35m[plugin angular-compiler][0m

    src/app/features/coordinador/dashboard/dashboard.component.ts:48:15:
[37m      48 â”‚         next: ([32mcoord[37m) => {
         â•µ                [32m~~~~~[0m


[31mX [41;31m[[41;97mERROR[41;31m][0m [1mTS2339: Property 'listarConvocatoriasPorCarrera' does not exist on type 'CoordinadorService'.[0m [1m[35m[plugin angular-compiler][0m

    src/app/features/coordinador/dashboard/dashboard.component.ts:52:36:
[37m      52 â”‚ ...ordinadorService.[32mlistarConvocatoriasPorCarrera[37m(coord.idCarrera)...
         â•µ                     [32m~~~~~~~~~~~~~~~~~~~~~~~~~~~~~[0m


[31mX [41;31m[[41;97mERROR[41;31m][0m [1mTS7006: Parameter 'convocatorias' implicitly has an 'any' type.[0m [1m[35m[plugin angular-compiler][0m

    src/app/features/coordinador/dashboard/dashboard.component.ts:53:21:
[37m      53 â”‚               next: ([32mconvocatorias[37m) => {
         â•µ                      [32m~~~~~~~~~~~~~[0m


[31mX [41;31m[[41;97mERROR[41;31m][0m [1mTS7006: Parameter 'err' implicitly has an 'any' type.[0m [1m[35m[plugin angular-compiler][0m

    src/app/features/coordinador/dashboard/dashboard.component.ts:65:16:
[37m      65 â”‚         error: ([32merr[37m) => {
         â•µ                 [32m~~~[0m


[31mX [41;31m[[41;97mERROR[41;31m][0m [1mTS2305: Module '"../../../core/dto/postulacion"' has no exported member 'PostulacionResponseDTO'.[0m [1m[35m[plugin angular-compiler][0m

    src/app/features/coordinador/postulantes-vista/postulantes-vista.component.ts:7:9:
[37m      7 â”‚ import { [32mPostulacionResponseDTO[37m } from '../../../core/dto/postulaci...
        â•µ          [32m~~~~~~~~~~~~~~~~~~~~~~[0m


[31mX [41;31m[[41;97mERROR[41;31m][0m [1mTS2339: Property 'listarPostulacionesPorConvocatoria' does not exist on type 'CoordinadorService'.[0m [1m[35m[plugin angular-compiler][0m

    src/app/features/coordinador/postulantes-vista/postulantes-vista.component.ts:48:36:
[37m      48 â”‚ ...rdinadorService.[32mlistarPostulacionesPorConvocatoria[37m(id).subscribe({
         â•µ                    [32m~~~~~~~~~~~~~~~~~~~~~~~~~~~~~~~~~~[0m


[31mX [41;31m[[41;97mERROR[41;31m][0m [1mTS7006: Parameter 'lista' implicitly has an 'any' type.[0m [1m[35m[plugin angular-compiler][0m

    src/app/features/coordinador/postulantes-vista/postulantes-vista.component.ts:49:23:
[37m      49 â”‚                 next: ([32mlista[37m) => {
         â•µ                        [32m~~~~~[0m


[31mX [41;31m[[41;97mERROR[41;31m][0m [1mTS2339: Property 'obtenerDecanoPorUsuario' does not exist on type 'DecanoService'.[0m [1m[35m[plugin angular-compiler][0m

    src/app/features/decano/convocatorias-vista/convocatorias-vista.component.ts:45:31:
[37m      45 â”‚ ... this.decanoService.[32mobtenerDecanoPorUsuario[37m(user.idUsuario).sub...
         â•µ                        [32m~~~~~~~~~~~~~~~~~~~~~~~[0m


[31mX [41;31m[[41;97mERROR[41;31m][0m [1mTS7006: Parameter 'decano' implicitly has an 'any' type.[0m [1m[35m[plugin angular-compiler][0m

    src/app/features/decano/convocatorias-vista/convocatorias-vista.component.ts:46:23:
[37m      46 â”‚                 next: ([32mdecano[37m) => {
         â•µ                        [32m~~~~~~[0m


[31mX [41;31m[[41;97mERROR[41;31m][0m [1mTS2339: Property 'listarConvocatoriasActivas' does not exist on type 'DecanoService'.[0m [1m[35m[plugin angular-compiler][0m

    src/app/features/decano/convocatorias-vista/convocatorias-vista.component.ts:48:43:
[37m      48 â”‚ ...       this.decanoService.[32mlistarConvocatoriasActivas[37m().subscribe({
         â•µ                              [32m~~~~~~~~~~~~~~~~~~~~~~~~~~[0m


[31mX [41;31m[[41;97mERROR[41;31m][0m [1mTS7006: Parameter 'lista' implicitly has an 'any' type.[0m [1m[35m[plugin angular-compiler][0m

    src/app/features/decano/convocatorias-vista/convocatorias-vista.component.ts:49:35:
[37m      49 â”‚                             next: ([32mlista[37m) => {
         â•µ                                    [32m~~~~~[0m


[31mX [41;31m[[41;97mERROR[41;31m][0m [1mTS2305: Module '"../../../core/dto/decano"' has no exported member 'DecanoResponseDTO'.[0m [1m[35m[plugin angular-compiler][0m

    src/app/features/decano/dashboard/dashboard.component.ts:8:9:
[37m      8 â”‚ import { [32mDecanoResponseDTO[37m } from '../../../core/dto/decano';
        â•µ          [32m~~~~~~~~~~~~~~~~~[0m


[31mX [41;31m[[41;97mERROR[41;31m][0m [1mTS2339: Property 'obtenerDecanoPorUsuario' does not exist on type 'DecanoService'.[0m [1m[35m[plugin angular-compiler][0m

    src/app/features/decano/dashboard/dashboard.component.ts:48:25:
[37m      48 â”‚ ... this.decanoService.[32mobtenerDecanoPorUsuario[37m(user.idUsuario).sub...
         â•µ                        [32m~~~~~~~~~~~~~~~~~~~~~~~[0m


[31mX [41;31m[[41;97mERROR[41;31m][0m [1mTS7006: Parameter 'decano' implicitly has an 'any' type.[0m [1m[35m[plugin angular-compiler][0m

    src/app/features/decano/dashboard/dashboard.component.ts:49:15:
[37m      49 â”‚         next: ([32mdecano[37m) => {
         â•µ                [32m~~~~~~[0m


[31mX [41;31m[[41;97mERROR[41;31m][0m [1mTS2339: Property 'listarConvocatoriasActivas' does not exist on type 'DecanoService'.[0m [1m[35m[plugin angular-compiler][0m

    src/app/features/decano/dashboard/dashboard.component.ts:54:31:
[37m      54 â”‚ ...       this.decanoService.[32mlistarConvocatoriasActivas[37m().subscribe({
         â•µ                              [32m~~~~~~~~~~~~~~~~~~~~~~~~~~[0m


[31mX [41;31m[[41;97mERROR[41;31m][0m [1mTS7006: Parameter 'convocatorias' implicitly has an 'any' type.[0m [1m[35m[plugin angular-compiler][0m

    src/app/features/decano/dashboard/dashboard.component.ts:55:21:
[37m      55 â”‚               next: ([32mconvocatorias[37m) => {
         â•µ                      [32m~~~~~~~~~~~~~[0m


[31mX [41;31m[[41;97mERROR[41;31m][0m [1mTS7006: Parameter 'err' implicitly has an 'any' type.[0m [1m[35m[plugin angular-compiler][0m

    src/app/features/decano/dashboard/dashboard.component.ts:63:16:
[37m      63 â”‚         error: ([32merr[37m) => {
         â•µ                 [32m~~~[0m


[31mX [41;31m[[41;97mERROR[41;31m][0m [1mTS2305: Module '"../../../core/dto/postulacion"' has no exported member 'PostulacionResponseDTO'.[0m [1m[35m[plugin angular-compiler][0m

    src/app/features/decano/postulantes-vista/postulantes-vista.component.ts:7:9:
[37m      7 â”‚ import { [32mPostulacionResponseDTO[37m } from '../../../core/dto/postulaci...
        â•µ          [32m~~~~~~~~~~~~~~~~~~~~~~[0m


[31mX [41;31m[[41;97mERROR[41;31m][0m [1mTS2339: Property 'listarPostulacionesPorConvocatoria' does not exist on type 'DecanoService'.[0m [1m[35m[plugin angular-compiler][0m

    src/app/features/decano/postulantes-vista/postulantes-vista.component.ts:48:31:
[37m      48 â”‚ ...s.decanoService.[32mlistarPostulacionesPorConvocatoria[37m(id).subscribe({
         â•µ                    [32m~~~~~~~~~~~~~~~~~~~~~~~~~~~~~~~~~~[0m


[31mX [41;31m[[41;97mERROR[41;31m][0m [1mTS7006: Parameter 'lista' implicitly has an 'any' type.[0m [1m[35m[plugin angular-compiler][0m

    src/app/features/decano/postulantes-vista/postulantes-vista.component.ts:49:23:
[37m      49 â”‚                 next: ([32mlista[37m) => {
         â•µ                        [32m~~~~~[0m


[31mX [41;31m[[41;97mERROR[41;31m][0m [1mTS7006: Parameter 'err' implicitly has an 'any' type.[0m [1m[35m[plugin angular-compiler][0m

    src/app/features/decano/postulantes-vista/postulantes-vista.component.ts:53:24:
[37m      53 â”‚                 error: ([32merr[37m) => {
         â•µ                         [32m~~~[0m


[31mX [41;31m[[41;97mERROR[41;31m][0m [1mTS2305: Module '"../../../core/dto/postulacion"' has no exported member 'TipoRequisitoPostulacionResponseDTO'.[0m [1m[35m[plugin angular-compiler][0m

    src/app/features/postulante/convocatorias/convocatorias.component.ts:9:9:
[37m      9 â”‚ import { [32mTipoRequisitoPostulacionResponseDTO[37m } from '../../../core/...
        â•µ          [32m~~~~~~~~~~~~~~~~~~~~~~~~~~~~~~~~~~~[0m


[31mX [41;31m[[41;97mERROR[41;31m][0m [1mTS2305: Module '"../../../core/dto/postulacion"' has no exported member 'PostulacionResponseDTO'.[0m [1m[35m[plugin angular-compiler][0m

    src/app/features/postulante/estado-postulacion/estado-postulacion.component.ts:7:9:
[37m      7 â”‚ import { [32mPostulacionResponseDTO[37m } from '../../../core/dto/postulaci...
        â•µ          [32m~~~~~~~~~~~~~~~~~~~~~~[0m


[31mX [41;31m[[41;97mERROR[41;31m][0m [1mTS2305: Module '"../../../core/dto/notificacion"' has no exported member 'NotificacionResponseDTO'.[0m [1m[35m[plugin angular-compiler][0m

    src/app/features/postulante/notificaciones/notificaciones.component.ts:7:9:
[37m      7 â”‚ import { [32mNotificacionResponseDTO[37m } from '../../../core/dto/notifica...
        â•µ          [32m~~~~~~~~~~~~~~~~~~~~~~~[0m


[31mX [41;31m[[41;97mERROR[41;31m][0m [1mTS2305: Module '"../../../core/dto/postulacion"' has no exported member 'PostulacionResponseDTO'.[0m [1m[35m[plugin angular-compiler][0m

    src/app/features/postulante/resultados/resultados.component.ts:8:9:
[37m      8 â”‚ import { [32mPostulacionResponseDTO[37m } from '../../../core/dto/postulaci...
        â•µ          [32m~~~~~~~~~~~~~~~~~~~~~~[0m

[39m[22m
